Using pre-set license
Built from '2020.2/release' branch; Version is '2020.2.0f1 (3721df5a8b28) revision 3613151'; Using compiler version '192528614'; Build Type 'Release'
OS: 'Windows 10  (10.0.0) 64bit' Language: 'ru' Physical Memory: 16244 MB
BatchMode: 1, IsHumanControllingUs: 0, StartBugReporterOnCrash: 0, Is64bit: 1, IsPro: 0

 COMMAND LINE ARGUMENTS:
D:\Unity\2020.2.0f1\Editor\Unity.exe
-adb2
-batchMode
-noUpm
-name
AssetImportWorker0
-projectPath
D:/UnityShit/HoopStarsClone
-logFile
Logs/AssetImportWorker0.log
-srvPort
56822
Successfully changed project path to: D:/UnityShit/HoopStarsClone
D:/UnityShit/HoopStarsClone
Using Asset Import Pipeline V2.
Refreshing native plugins compatible for Editor in 42.29 ms, found 0 plugins.
Preloading 0 native plugins for Editor in 0.00 ms.
Initialize engine version: 2020.2.0f1 (3721df5a8b28)
[Subsystems] Discovering subsystems at path D:/Unity/2020.2.0f1/Editor/Data/Resources/UnitySubsystems
[Subsystems] Discovering subsystems at path D:/UnityShit/HoopStarsClone/Assets
GfxDevice: creating device client; threaded=0
Direct3D:
    Version:  Direct3D 11.0 [level 11.1]
    Renderer: NVIDIA GeForce GTX 1060 (ID=0x1c20)
    Vendor:   
    VRAM:     6052 MB
    Driver:   27.21.14.6079
Initialize mono
Mono path[0] = 'D:/Unity/2020.2.0f1/Editor/Data/Managed'
Mono path[1] = 'D:/Unity/2020.2.0f1/Editor/Data/MonoBleedingEdge/lib/mono/unityjit'
Mono config path = 'D:/Unity/2020.2.0f1/Editor/Data/MonoBleedingEdge/etc'
Using monoOptions --debugger-agent=transport=dt_socket,embedding=1,server=y,suspend=n,address=127.0.0.1:56200
Begin MonoManager ReloadAssembly
Registering precompiled unity dll's ...
Register platform support module: D:/Unity/2020.2.0f1/Editor/Data/PlaybackEngines/WebGLSupport/UnityEditor.WebGL.Extensions.dll
Register platform support module: D:/Unity/2020.2.0f1/Editor/Data/PlaybackEngines/WindowsStandaloneSupport/UnityEditor.WindowsStandalone.Extensions.dll
Registered in 0.002484 seconds.
Native extension for WindowsStandalone target not found
Native extension for WebGL target not found
Refreshing native plugins compatible for Editor in 40.18 ms, found 0 plugins.
Preloading 0 native plugins for Editor in 0.00 ms.
Invoked RoslynAnalysisRunner static constructor.
RoslynAnalysisRunner will not be running.
RoslynAnalysisRunner has terminated.
Mono: successfully reloaded assembly
- Completed reload, in  3.766 seconds
Platform modules already initialized, skipping
Registering precompiled user dll's ...
Registered in 0.003865 seconds.
Begin MonoManager ReloadAssembly
Native extension for WindowsStandalone target not found
Native extension for WebGL target not found
Refreshing native plugins compatible for Editor in 0.64 ms, found 0 plugins.
Preloading 0 native plugins for Editor in 0.00 ms.
Invoked RoslynAnalysisRunner static constructor.
RoslynAnalysisRunner will not be running.
RoslynAnalysisRunner has terminated.
Mono: successfully reloaded assembly
- Completed reload, in  1.581 seconds
Platform modules already initialized, skipping
========================================================================
Worker process is ready to serve import requests
Launched and connected shader compiler UnityShaderCompiler.exe after 0.10 seconds
Refreshing native plugins compatible for Editor in 0.50 ms, found 0 plugins.
Preloading 0 native plugins for Editor in 0.00 ms.
Unloading 1122 Unused Serialized files (Serialized files now loaded: 0)
System memory in use before: 57.3 MB.
System memory in use after: 57.4 MB.

Unloading 12 unused Assets to reduce memory usage. Loaded Objects now: 1567.
Total: 3.422300 ms (FindLiveObjects: 0.262000 ms CreateObjectMapping: 0.107000 ms MarkObjects: 2.930500 ms  DeleteObjects: 0.120300 ms)

========================================================================
Received Import Request.
  path: Assets/PlayerControls.cs
  artifactKey: Guid(3819b2e194579694aa9539e2146f88a1) Importer(815301076,1909f56bfc062723c751e8b465ee728b)
Start importing Assets/PlayerControls.cs using Guid(3819b2e194579694aa9539e2146f88a1) Importer(815301076,1909f56bfc062723c751e8b465ee728b)  -> (artifact id: 'f816542b408468c09fa666e0e55cd4bf') in 0.377691 seconds
  Import took 0.381452 seconds .

========================================================================
Received Import Request.
  Time since last request: 10.484787 seconds.
  path: Assets/PlayerControls.cs
  artifactKey: Guid(3819b2e194579694aa9539e2146f88a1) Importer(815301076,1909f56bfc062723c751e8b465ee728b)
Start importing Assets/PlayerControls.cs using Guid(3819b2e194579694aa9539e2146f88a1) Importer(815301076,1909f56bfc062723c751e8b465ee728b)  -> (artifact id: 'd981c39d663656309fd980ad907aedef') in 0.009876 seconds
  Import took 0.019132 seconds .

========================================================================
Received Import Request.
  Time since last request: 0.005396 seconds.
  path: Assets/PlayerControls.cs
  artifactKey: Guid(3819b2e194579694aa9539e2146f88a1) Importer(815301076,1909f56bfc062723c751e8b465ee728b)
Start importing Assets/PlayerControls.cs using Guid(3819b2e194579694aa9539e2146f88a1) Importer(815301076,1909f56bfc062723c751e8b465ee728b)  -> (artifact id: 'd981c39d663656309fd980ad907aedef') in 0.008619 seconds
  Import took 0.017968 seconds .

========================================================================
Received Import Request.
  Time since last request: 1.682572 seconds.
  path: Assets/PlayerControls.cs
  artifactKey: Guid(3819b2e194579694aa9539e2146f88a1) Importer(815301076,1909f56bfc062723c751e8b465ee728b)
Start importing Assets/PlayerControls.cs using Guid(3819b2e194579694aa9539e2146f88a1) Importer(815301076,1909f56bfc062723c751e8b465ee728b)  -> (artifact id: '31eec590bf6b3eb154b031077693a115') in 0.004659 seconds
  Import took 0.010563 seconds .

========================================================================
Received Prepare
Registering precompiled user dll's ...
Registered in 0.001631 seconds.
Begin MonoManager ReloadAssembly
Native extension for WindowsStandalone target not found
Native extension for WebGL target not found
Refreshing native plugins compatible for Editor in 1.13 ms, found 0 plugins.
Preloading 0 native plugins for Editor in 0.00 ms.
Invoked RoslynAnalysisRunner static constructor.
RoslynAnalysisRunner will not be running.
RoslynAnalysisRunner has terminated.
Mono: successfully reloaded assembly
- Completed reload, in  1.089 seconds
Platform modules already initialized, skipping
Refreshing native plugins compatible for Editor in 0.26 ms, found 0 plugins.
Preloading 0 native plugins for Editor in 0.00 ms.
Unloading 1118 Unused Serialized files (Serialized files now loaded: 0)
System memory in use before: 57.6 MB.
System memory in use after: 57.6 MB.

Unloading 7 unused Assets to reduce memory usage. Loaded Objects now: 1569.
Total: 2.282400 ms (FindLiveObjects: 0.152200 ms CreateObjectMapping: 0.049200 ms MarkObjects: 2.015400 ms  DeleteObjects: 0.063900 ms)

========================================================================
Received Prepare
Refreshing native plugins compatible for Editor in 1.32 ms, found 0 plugins.
Preloading 0 native plugins for Editor in 0.00 ms.
Unloading 8 Unused Serialized files (Serialized files now loaded: 0)
System memory in use before: 35.5 MB.
System memory in use after: 35.6 MB.

Unloading 5 unused Assets to reduce memory usage. Loaded Objects now: 1569.
Total: 2.599100 ms (FindLiveObjects: 0.363800 ms CreateObjectMapping: 0.142600 ms MarkObjects: 2.025000 ms  DeleteObjects: 0.066300 ms)

========================================================================
Received Prepare
Registering precompiled user dll's ...
Registered in 0.001475 seconds.
Begin MonoManager ReloadAssembly
Native extension for WindowsStandalone target not found
Native extension for WebGL target not found
Refreshing native plugins compatible for Editor in 0.28 ms, found 0 plugins.
Preloading 0 native plugins for Editor in 0.00 ms.
Invoked RoslynAnalysisRunner static constructor.
RoslynAnalysisRunner will not be running.
RoslynAnalysisRunner has terminated.
Mono: successfully reloaded assembly
- Completed reload, in  1.098 seconds
Platform modules already initialized, skipping
Refreshing native plugins compatible for Editor in 0.26 ms, found 0 plugins.
Preloading 0 native plugins for Editor in 0.00 ms.
Unloading 1118 Unused Serialized files (Serialized files now loaded: 0)
System memory in use before: 57.9 MB.
System memory in use after: 57.9 MB.

Unloading 7 unused Assets to reduce memory usage. Loaded Objects now: 1571.
Total: 2.368700 ms (FindLiveObjects: 0.385800 ms CreateObjectMapping: 0.104900 ms MarkObjects: 1.818400 ms  DeleteObjects: 0.057800 ms)

========================================================================
Received Import Request.
  Time since last request: 566.703558 seconds.
  path: Assets/Scenes/Playfield.unity
  artifactKey: Guid(9fc0d4010bbf28b4594072e72b8655ab) Importer(815301076,1909f56bfc062723c751e8b465ee728b)
Start importing Assets/Scenes/Playfield.unity using Guid(9fc0d4010bbf28b4594072e72b8655ab) Importer(815301076,1909f56bfc062723c751e8b465ee728b)  -> (artifact id: '033a3ebbe7da9590ec9f3869ae25c064') in 0.037840 seconds
  Import took 0.042009 seconds .

========================================================================
Received Import Request.
  Time since last request: 44.285522 seconds.
  path: Assets/Prefabs/GemSphere.prefab
  artifactKey: Guid(314f058a581153943af613cc99d87357) Importer(815301076,1909f56bfc062723c751e8b465ee728b)
Start importing Assets/Prefabs/GemSphere.prefab using Guid(314f058a581153943af613cc99d87357) Importer(815301076,1909f56bfc062723c751e8b465ee728b)  -> (artifact id: '2c4e8ab2d29419df0c93abed5081bd87') in 0.163993 seconds
  Import took 0.166990 seconds .

========================================================================
Received Import Request.
  Time since last request: 2.699694 seconds.
  path: Assets/Prefabs/GemSphere.prefab
  artifactKey: Guid(314f058a581153943af613cc99d87357) Importer(815301076,1909f56bfc062723c751e8b465ee728b)
Start importing Assets/Prefabs/GemSphere.prefab using Guid(314f058a581153943af613cc99d87357) Importer(815301076,1909f56bfc062723c751e8b465ee728b)  -> (artifact id: '07ee8c9d52368adeebbcf6be1f20cf80') in 0.022904 seconds
  Import took 0.026136 seconds .

========================================================================
Received Prepare
Registering precompiled user dll's ...
Registered in 0.001825 seconds.
Begin MonoManager ReloadAssembly
Native extension for WindowsStandalone target not found
Native extension for WebGL target not found
Refreshing native plugins compatible for Editor in 0.25 ms, found 0 plugins.
Preloading 0 native plugins for Editor in 0.00 ms.
Invoked RoslynAnalysisRunner static constructor.
RoslynAnalysisRunner will not be running.
RoslynAnalysisRunner has terminated.
Mono: successfully reloaded assembly
- Completed reload, in  1.099 seconds
Platform modules already initialized, skipping
Refreshing native plugins compatible for Editor in 0.28 ms, found 0 plugins.
Preloading 0 native plugins for Editor in 0.00 ms.
Unloading 1119 Unused Serialized files (Serialized files now loaded: 0)
System memory in use before: 61.2 MB.
System memory in use after: 61.3 MB.

Unloading 7 unused Assets to reduce memory usage. Loaded Objects now: 1581.
Total: 2.231900 ms (FindLiveObjects: 0.180000 ms CreateObjectMapping: 0.044700 ms MarkObjects: 1.952400 ms  DeleteObjects: 0.053300 ms)

========================================================================
Received Prepare
Registering precompiled user dll's ...
Registered in 0.001360 seconds.
Begin MonoManager ReloadAssembly
Native extension for WindowsStandalone target not found
Native extension for WebGL target not found
Refreshing native plugins compatible for Editor in 0.27 ms, found 0 plugins.
Preloading 0 native plugins for Editor in 0.00 ms.
Invoked RoslynAnalysisRunner static constructor.
RoslynAnalysisRunner will not be running.
RoslynAnalysisRunner has terminated.
Mono: successfully reloaded assembly
- Completed reload, in  1.300 seconds
Platform modules already initialized, skipping
Refreshing native plugins compatible for Editor in 0.32 ms, found 0 plugins.
Preloading 0 native plugins for Editor in 0.00 ms.
Unloading 1119 Unused Serialized files (Serialized files now loaded: 0)
System memory in use before: 61.4 MB.
System memory in use after: 61.5 MB.

Unloading 7 unused Assets to reduce memory usage. Loaded Objects now: 1583.
Total: 1.997700 ms (FindLiveObjects: 0.182300 ms CreateObjectMapping: 0.053300 ms MarkObjects: 1.699700 ms  DeleteObjects: 0.060800 ms)

========================================================================
Received Import Request.
  Time since last request: 105.438263 seconds.
  path: Assets/Prefabs/Player.prefab
  artifactKey: Guid(f937eb875b229cc4a856d1ecadac56d6) Importer(815301076,1909f56bfc062723c751e8b465ee728b)
Start importing Assets/Prefabs/Player.prefab using Guid(f937eb875b229cc4a856d1ecadac56d6) Importer(815301076,1909f56bfc062723c751e8b465ee728b)  -> (artifact id: 'd61d6396a7d5d60ab2e3fcef76826d73') in 0.122607 seconds
  Import took 0.127147 seconds .

========================================================================
Received Import Request.
  Time since last request: 23.366936 seconds.
  path: Assets/Prefabs/Player.prefab
  artifactKey: Guid(f937eb875b229cc4a856d1ecadac56d6) Importer(815301076,1909f56bfc062723c751e8b465ee728b)
Start importing Assets/Prefabs/Player.prefab using Guid(f937eb875b229cc4a856d1ecadac56d6) Importer(815301076,1909f56bfc062723c751e8b465ee728b)  -> (artifact id: '68a21ec6aa6187467ec5f515e96c5eb4') in 0.028107 seconds
  Import took 0.034098 seconds .

========================================================================
Received Import Request.
  Time since last request: 1.217047 seconds.
  path: Assets/Prefabs/Player.prefab
  artifactKey: Guid(f937eb875b229cc4a856d1ecadac56d6) Importer(815301076,1909f56bfc062723c751e8b465ee728b)
Start importing Assets/Prefabs/Player.prefab using Guid(f937eb875b229cc4a856d1ecadac56d6) Importer(815301076,1909f56bfc062723c751e8b465ee728b)  -> (artifact id: '77241e278e41695e29070a47c69d40bc') in 0.196005 seconds
  Import took 0.200144 seconds .

========================================================================
Received Import Request.
  Time since last request: 12.302415 seconds.
  path: Assets/Prefabs/Enemy.prefab
  artifactKey: Guid(b39a8d613a96a684e9e6662b15bb7f5a) Importer(815301076,1909f56bfc062723c751e8b465ee728b)
Start importing Assets/Prefabs/Enemy.prefab using Guid(b39a8d613a96a684e9e6662b15bb7f5a) Importer(815301076,1909f56bfc062723c751e8b465ee728b)  -> (artifact id: '8dd377b2dac1dfeb9407fb7e64cd4b79') in 0.040101 seconds
  Import took 0.044490 seconds .

========================================================================
Received Prepare
Registering precompiled user dll's ...
Registered in 0.005198 seconds.
Begin MonoManager ReloadAssembly
Native extension for WindowsStandalone target not found
Native extension for WebGL target not found
Refreshing native plugins compatible for Editor in 0.26 ms, found 0 plugins.
Preloading 0 native plugins for Editor in 0.00 ms.
Invoked RoslynAnalysisRunner static constructor.
RoslynAnalysisRunner will not be running.
RoslynAnalysisRunner has terminated.
Mono: successfully reloaded assembly
- Completed reload, in  1.016 seconds
Platform modules already initialized, skipping
Refreshing native plugins compatible for Editor in 0.30 ms, found 0 plugins.
Preloading 0 native plugins for Editor in 0.00 ms.
Unloading 1119 Unused Serialized files (Serialized files now loaded: 0)
System memory in use before: 61.5 MB.
System memory in use after: 61.6 MB.

Unloading 7 unused Assets to reduce memory usage. Loaded Objects now: 1586.
Total: 2.058500 ms (FindLiveObjects: 0.166800 ms CreateObjectMapping: 0.043500 ms MarkObjects: 1.792800 ms  DeleteObjects: 0.054100 ms)

========================================================================
Received Prepare
Registering precompiled user dll's ...
Registered in 0.001830 seconds.
Begin MonoManager ReloadAssembly
Native extension for WindowsStandalone target not found
Native extension for WebGL target not found
Refreshing native plugins compatible for Editor in 0.29 ms, found 0 plugins.
Preloading 0 native plugins for Editor in 0.00 ms.
Invoked RoslynAnalysisRunner static constructor.
RoslynAnalysisRunner will not be running.
RoslynAnalysisRunner has terminated.
Mono: successfully reloaded assembly
- Completed reload, in  1.104 seconds
Platform modules already initialized, skipping
Refreshing native plugins compatible for Editor in 0.29 ms, found 0 plugins.
Preloading 0 native plugins for Editor in 0.00 ms.
Unloading 1119 Unused Serialized files (Serialized files now loaded: 0)
System memory in use before: 61.8 MB.
System memory in use after: 61.9 MB.

Unloading 7 unused Assets to reduce memory usage. Loaded Objects now: 1588.
Total: 2.236700 ms (FindLiveObjects: 0.157000 ms CreateObjectMapping: 0.051400 ms MarkObjects: 1.968900 ms  DeleteObjects: 0.057400 ms)

========================================================================
Received Prepare
Registering precompiled user dll's ...
Registered in 0.001473 seconds.
Begin MonoManager ReloadAssembly
Native extension for WindowsStandalone target not found
Native extension for WebGL target not found
Refreshing native plugins compatible for Editor in 0.26 ms, found 0 plugins.
Preloading 0 native plugins for Editor in 0.00 ms.
Invoked RoslynAnalysisRunner static constructor.
RoslynAnalysisRunner will not be running.
RoslynAnalysisRunner has terminated.
Mono: successfully reloaded assembly
- Completed reload, in  1.118 seconds
Platform modules already initialized, skipping
Refreshing native plugins compatible for Editor in 0.32 ms, found 0 plugins.
Preloading 0 native plugins for Editor in 0.00 ms.
Unloading 1119 Unused Serialized files (Serialized files now loaded: 0)
System memory in use before: 62.0 MB.
System memory in use after: 62.1 MB.

Unloading 7 unused Assets to reduce memory usage. Loaded Objects now: 1590.
Total: 2.789800 ms (FindLiveObjects: 0.219900 ms CreateObjectMapping: 0.058400 ms MarkObjects: 2.384300 ms  DeleteObjects: 0.125000 ms)

========================================================================
Received Prepare
Registering precompiled user dll's ...
Registered in 0.001553 seconds.
Begin MonoManager ReloadAssembly
Native extension for WindowsStandalone target not found
Native extension for WebGL target not found
Refreshing native plugins compatible for Editor in 0.27 ms, found 0 plugins.
Preloading 0 native plugins for Editor in 0.00 ms.
Invoked RoslynAnalysisRunner static constructor.
RoslynAnalysisRunner will not be running.
RoslynAnalysisRunner has terminated.
Mono: successfully reloaded assembly
- Completed reload, in  0.999 seconds
Platform modules already initialized, skipping
Refreshing native plugins compatible for Editor in 0.27 ms, found 0 plugins.
Preloading 0 native plugins for Editor in 0.00 ms.
Unloading 1119 Unused Serialized files (Serialized files now loaded: 0)
System memory in use before: 62.2 MB.
System memory in use after: 62.3 MB.

Unloading 7 unused Assets to reduce memory usage. Loaded Objects now: 1592.
Total: 2.038300 ms (FindLiveObjects: 0.154300 ms CreateObjectMapping: 0.044900 ms MarkObjects: 1.781100 ms  DeleteObjects: 0.057100 ms)

========================================================================
Received Import Request.
  Time since last request: 261.461800 seconds.
  path: Assets/Resources/flag0.png
  artifactKey: Guid(66d7bda21858b85459c5f8b9837a0ec8) Importer(815301076,1909f56bfc062723c751e8b465ee728b)
Start importing Assets/Resources/flag0.png using Guid(66d7bda21858b85459c5f8b9837a0ec8) Importer(815301076,1909f56bfc062723c751e8b465ee728b)  -> (artifact id: '4e498c3ee8d6a04e0a2d834ee846bc89') in 0.169436 seconds
  Import took 0.172417 seconds .

========================================================================
Received Import Request.
  Time since last request: 0.000402 seconds.
  path: Assets/Resources/whiteCircle.png
  artifactKey: Guid(b5758cb2d48928d4a85fad2aaf61372f) Importer(815301076,1909f56bfc062723c751e8b465ee728b)
Start importing Assets/Resources/whiteCircle.png using Guid(b5758cb2d48928d4a85fad2aaf61372f) Importer(815301076,1909f56bfc062723c751e8b465ee728b)  -> (artifact id: 'f547068c5d1ff7002a096771de958867') in 0.119563 seconds
  Import took 0.122789 seconds .

========================================================================
Received Import Request.
  Time since last request: 0.001267 seconds.
  path: Assets/Resources/whiteCircle.png
  artifactKey: Guid(b5758cb2d48928d4a85fad2aaf61372f) Importer(815301076,1909f56bfc062723c751e8b465ee728b)
Start importing Assets/Resources/whiteCircle.png using Guid(b5758cb2d48928d4a85fad2aaf61372f) Importer(815301076,1909f56bfc062723c751e8b465ee728b)  -> (artifact id: 'f547068c5d1ff7002a096771de958867') in 0.057822 seconds
  Import took 0.065638 seconds .

========================================================================
Received Import Request.
  Time since last request: 91.927824 seconds.
  path: Assets/Resources/flag1.webp
  artifactKey: Guid(a6e7988f2f05d764daf8c8b377c0503d) Importer(815301076,1909f56bfc062723c751e8b465ee728b)
Start importing Assets/Resources/flag1.webp using Guid(a6e7988f2f05d764daf8c8b377c0503d) Importer(815301076,1909f56bfc062723c751e8b465ee728b)  -> (artifact id: '35fb5f0517c1716fd3fb079df20acdd7') in 0.036154 seconds
  Import took 0.039234 seconds .

========================================================================
Received Import Request.
  Time since last request: 42.110862 seconds.
  path: Assets/Resources/600px-Flag_of_Lithuania.svg.png
  artifactKey: Guid(2dfa5647498e02f4ea6d9ae318d446c2) Importer(815301076,1909f56bfc062723c751e8b465ee728b)
Start importing Assets/Resources/600px-Flag_of_Lithuania.svg.png using Guid(2dfa5647498e02f4ea6d9ae318d446c2) Importer(815301076,1909f56bfc062723c751e8b465ee728b)  -> (artifact id: 'fa9cf08e337a3ab95e5cd72458b5deb0') in 0.045530 seconds
  Import took 0.050374 seconds .

========================================================================
Received Import Request.
  Time since last request: 10.155535 seconds.
  path: Assets/Resources/flag1.png
  artifactKey: Guid(2dfa5647498e02f4ea6d9ae318d446c2) Importer(815301076,1909f56bfc062723c751e8b465ee728b)
Start importing Assets/Resources/flag1.png using Guid(2dfa5647498e02f4ea6d9ae318d446c2) Importer(815301076,1909f56bfc062723c751e8b465ee728b)  -> (artifact id: 'f10d91b0ba049ab782cb2b6d27461580') in 0.025816 seconds
  Import took 0.032816 seconds .

========================================================================
Received Import Request.
  Time since last request: 13.568624 seconds.
  path: Assets/Resources/flag1.png
  artifactKey: Guid(2dfa5647498e02f4ea6d9ae318d446c2) Importer(815301076,1909f56bfc062723c751e8b465ee728b)
Start importing Assets/Resources/flag1.png using Guid(2dfa5647498e02f4ea6d9ae318d446c2) Importer(815301076,1909f56bfc062723c751e8b465ee728b)  -> (artifact id: 'b8404b8f6afe34768ab35f368d30ac26') in 0.207201 seconds
  Import took 0.213534 seconds .

========================================================================
Received Import Request.
  Time since last request: 31.267860 seconds.
  path: Assets/Resources/flag1.png
  artifactKey: Guid(2dfa5647498e02f4ea6d9ae318d446c2) Importer(815301076,1909f56bfc062723c751e8b465ee728b)
Start importing Assets/Resources/flag1.png using Guid(2dfa5647498e02f4ea6d9ae318d446c2) Importer(815301076,1909f56bfc062723c751e8b465ee728b)  -> (artifact id: 'c6e0666fc06e72c75ae4908fdf528212') in 0.022205 seconds
  Import took 0.025717 seconds .

========================================================================
Received Prepare
Registering precompiled user dll's ...
Registered in 0.002739 seconds.
Begin MonoManager ReloadAssembly
Native extension for WindowsStandalone target not found
Native extension for WebGL target not found
Refreshing native plugins compatible for Editor in 0.36 ms, found 0 plugins.
Preloading 0 native plugins for Editor in 0.00 ms.
Invoked RoslynAnalysisRunner static constructor.
RoslynAnalysisRunner will not be running.
RoslynAnalysisRunner has terminated.
Mono: successfully reloaded assembly
- Completed reload, in  1.726 seconds
Platform modules already initialized, skipping
Refreshing native plugins compatible for Editor in 0.26 ms, found 0 plugins.
Preloading 0 native plugins for Editor in 0.00 ms.
Unloading 1119 Unused Serialized files (Serialized files now loaded: 0)
System memory in use before: 62.4 MB.
System memory in use after: 62.5 MB.

Unloading 7 unused Assets to reduce memory usage. Loaded Objects now: 1601.
Total: 2.419300 ms (FindLiveObjects: 0.235200 ms CreateObjectMapping: 0.054000 ms MarkObjects: 2.065400 ms  DeleteObjects: 0.063000 ms)

========================================================================
Received Prepare
Registering precompiled user dll's ...
Registered in 0.001431 seconds.
Begin MonoManager ReloadAssembly
Native extension for WindowsStandalone target not found
Native extension for WebGL target not found
Refreshing native plugins compatible for Editor in 0.35 ms, found 0 plugins.
Preloading 0 native plugins for Editor in 0.00 ms.
Invoked RoslynAnalysisRunner static constructor.
RoslynAnalysisRunner will not be running.
RoslynAnalysisRunner has terminated.
Mono: successfully reloaded assembly
- Completed reload, in  1.190 seconds
Platform modules already initialized, skipping
Refreshing native plugins compatible for Editor in 0.25 ms, found 0 plugins.
Preloading 0 native plugins for Editor in 0.00 ms.
Unloading 1119 Unused Serialized files (Serialized files now loaded: 0)
System memory in use before: 62.6 MB.
System memory in use after: 62.6 MB.

Unloading 7 unused Assets to reduce memory usage. Loaded Objects now: 1603.
Total: 2.403500 ms (FindLiveObjects: 0.190300 ms CreateObjectMapping: 0.052800 ms MarkObjects: 2.103000 ms  DeleteObjects: 0.055800 ms)

========================================================================
Received Import Request.
  Time since last request: 58.553399 seconds.
  path: Assets/Resources/PossibleNames.txt
  artifactKey: Guid(b10a97412d14e7c45a8b19df5e63c436) Importer(815301076,1909f56bfc062723c751e8b465ee728b)
Start importing Assets/Resources/PossibleNames.txt using Guid(b10a97412d14e7c45a8b19df5e63c436) Importer(815301076,1909f56bfc062723c751e8b465ee728b)  -> (artifact id: 'ea9811983e0863fb77fc6d5beea5feb4') in 0.029015 seconds
  Import took 0.031653 seconds .

========================================================================
Received Prepare
Refreshing native plugins compatible for Editor in 1.10 ms, found 0 plugins.
Preloading 0 native plugins for Editor in 0.00 ms.
Unloading 8 Unused Serialized files (Serialized files now loaded: 0)
System memory in use before: 39.7 MB.
System memory in use after: 39.8 MB.

Unloading 5 unused Assets to reduce memory usage. Loaded Objects now: 1603.
Total: 3.348000 ms (FindLiveObjects: 0.195400 ms CreateObjectMapping: 0.045500 ms MarkObjects: 3.050700 ms  DeleteObjects: 0.055100 ms)

AssetImportWorkerClient::OnTransportError - code=2 error=End of file
